<?xml version="1.0" encoding="UTF-8"?>
<testsuite xmlns:xsi="http://www.w3.org/2001/XMLSchema-instance" xsi:noNamespaceSchemaLocation="https://maven.apache.org/surefire/maven-failsafe-plugin/xsd/failsafe-test-report-3.0.xsd" version="3.0" name="tw.brandy.ironman.hub.resource.FileResourceIT" time="17.697" tests="6" errors="1" skipped="5" failures="0">
  <properties>
[...]
</properties>
  <testcase name="mark processed is idempotent" classname="tw.brandy.ironman.hub.resource.FileResourceIT" time="0.005">
    <error message="java.lang.RuntimeException: java.lang.reflect.InvocationTargetException" type="java.lang.RuntimeException"><![CDATA[java.lang.RuntimeException: java.lang.RuntimeException: java.lang.reflect.InvocationTargetException
	at io.quarkus.test.junit.QuarkusTestExtension.throwBootFailureException(QuarkusTestExtension.java:668)
	at io.quarkus.test.junit.QuarkusTestExtension.interceptTestClassConstructor(QuarkusTestExtension.java:763)
	at java.base/java.util.Optional.orElseGet(Optional.java:364)
	at java.base/java.util.ArrayList.forEach(ArrayList.java:1596)
	at java.base/java.util.ArrayList.forEach(ArrayList.java:1596)
Caused by: java.lang.RuntimeException: java.lang.reflect.InvocationTargetException
	at io.quarkus.test.junit.TestResourceUtil$TestResourceManagerReflections.startReflectively(TestResourceUtil.java:217)
	at io.quarkus.test.junit.QuarkusTestExtension.doJavaStart(QuarkusTestExtension.java:221)
	at io.quarkus.test.junit.QuarkusTestExtension.ensureStarted(QuarkusTestExtension.java:642)
	at io.quarkus.test.junit.QuarkusTestExtension.beforeAll(QuarkusTestExtension.java:687)
	... 1 more
Caused by: java.lang.reflect.InvocationTargetException
	at java.base/java.lang.reflect.Method.invoke(Method.java:580)
	at io.quarkus.test.junit.TestResourceUtil$TestResourceManagerReflections.startReflectively(TestResourceUtil.java:214)
	... 4 more
Caused by: java.util.concurrent.CompletionException: java.lang.RuntimeException: Unable to start Quarkus test resource class tw.brandy.ironman.hub.MinioTestResource
	at java.base/java.util.concurrent.CompletableFuture.encodeThrowable(CompletableFuture.java:315)
	at java.base/java.util.concurrent.CompletableFuture.completeThrowable(CompletableFuture.java:320)
	at java.base/java.util.concurrent.CompletableFuture$AsyncRun.run(CompletableFuture.java:1807)
	at java.base/java.util.concurrent.ThreadPoolExecutor.runWorker(ThreadPoolExecutor.java:1144)
	at java.base/java.util.concurrent.ThreadPoolExecutor$Worker.run(ThreadPoolExecutor.java:642)
	at java.base/java.lang.Thread.run(Thread.java:1583)
Caused by: java.lang.RuntimeException: Unable to start Quarkus test resource class tw.brandy.ironman.hub.MinioTestResource
	at io.quarkus.test.common.TestResourceManager$TestResourceRunnable.run(TestResourceManager.java:690)
	at java.base/java.util.concurrent.CompletableFuture$AsyncRun.run(CompletableFuture.java:1804)
	... 3 more
Caused by: software.amazon.awssdk.core.exception.SdkClientException: Received an UnknownHostException when attempting to interact with a service. See cause for the exact endpoint that is failing to resolve. If this is happening on an endpoint that previously worked, there may be a network connectivity issue or your DNS cache could be storing endpoints for too long.
	at software.amazon.awssdk.core.exception.SdkClientException$BuilderImpl.build(SdkClientException.java:130)
	at software.amazon.awssdk.awscore.interceptor.HelpfulUnknownHostExceptionInterceptor.modifyException(HelpfulUnknownHostExceptionInterceptor.java:59)
	at software.amazon.awssdk.core.interceptor.ExecutionInterceptorChain.modifyException(ExecutionInterceptorChain.java:181)
	at software.amazon.awssdk.core.internal.http.pipeline.stages.utils.ExceptionReportingUtils.runModifyException(ExceptionReportingUtils.java:54)
	at software.amazon.awssdk.core.internal.http.pipeline.stages.utils.ExceptionReportingUtils.reportFailureToInterceptors(ExceptionReportingUtils.java:38)
	at software.amazon.awssdk.core.internal.http.pipeline.stages.ExecutionFailureExceptionReportingStage.execute(ExecutionFailureExceptionReportingStage.java:39)
	at software.amazon.awssdk.core.internal.http.pipeline.stages.ExecutionFailureExceptionReportingStage.execute(ExecutionFailureExceptionReportingStage.java:26)
	at software.amazon.awssdk.core.internal.http.AmazonSyncHttpClient$RequestExecutionBuilderImpl.execute(AmazonSyncHttpClient.java:210)
	at software.amazon.awssdk.core.internal.handler.BaseSyncClientHandler.invoke(BaseSyncClientHandler.java:103)
	at software.amazon.awssdk.core.internal.handler.BaseSyncClientHandler.doExecute(BaseSyncClientHandler.java:173)
	at software.amazon.awssdk.core.internal.handler.BaseSyncClientHandler.lambda$execute$1(BaseSyncClientHandler.java:80)
	at software.amazon.awssdk.core.internal.handler.BaseSyncClientHandler.measureApiCallSuccess(BaseSyncClientHandler.java:182)
	at software.amazon.awssdk.core.internal.handler.BaseSyncClientHandler.execute(BaseSyncClientHandler.java:74)
	at software.amazon.awssdk.core.client.handler.SdkSyncClientHandler.execute(SdkSyncClientHandler.java:45)
	at software.amazon.awssdk.awscore.client.handler.AwsSyncClientHandler.execute(AwsSyncClientHandler.java:53)
	at software.amazon.awssdk.services.s3.DefaultS3Client.createBucket(DefaultS3Client.java:1261)
	at tw.brandy.ironman.hub.MinioTestResource.start(MinioTestResource.kt:34)
	at io.quarkus.test.common.TestResourceManager$TestResourceRunnable.run(TestResourceManager.java:684)
	... 4 more
Caused by: software.amazon.awssdk.core.exception.SdkClientException: Unable to execute HTTP request: incoming.localhost (SDK Attempt Count: 4)
	at software.amazon.awssdk.core.exception.SdkClientException$BuilderImpl.build(SdkClientException.java:130)
	at software.amazon.awssdk.core.exception.SdkClientException$BuilderImpl.build(SdkClientException.java:95)
	at software.amazon.awssdk.core.internal.http.pipeline.stages.utils.RetryableStageHelper.retryPolicyDisallowedRetryException(RetryableStageHelper.java:168)
	at software.amazon.awssdk.core.internal.http.pipeline.stages.RetryableStage.execute(RetryableStage.java:73)
	at software.amazon.awssdk.core.internal.http.pipeline.stages.RetryableStage.execute(RetryableStage.java:36)
	at software.amazon.awssdk.core.internal.http.pipeline.RequestPipelineBuilder$ComposingRequestPipelineStage.execute(RequestPipelineBuilder.java:206)
	at software.amazon.awssdk.core.internal.http.StreamManagingStage.execute(StreamManagingStage.java:53)
	at software.amazon.awssdk.core.internal.http.StreamManagingStage.execute(StreamManagingStage.java:35)
	at software.amazon.awssdk.core.internal.http.pipeline.stages.ApiCallTimeoutTrackingStage.executeWithTimer(ApiCallTimeoutTrackingStage.java:82)
	at software.amazon.awssdk.core.internal.http.pipeline.stages.ApiCallTimeoutTrackingStage.execute(ApiCallTimeoutTrackingStage.java:62)
	at software.amazon.awssdk.core.internal.http.pipeline.stages.ApiCallTimeoutTrackingStage.execute(ApiCallTimeoutTrackingStage.java:43)
	at software.amazon.awssdk.core.internal.http.pipeline.stages.ApiCallMetricCollectionStage.execute(ApiCallMetricCollectionStage.java:50)
	at software.amazon.awssdk.core.internal.http.pipeline.stages.ApiCallMetricCollectionStage.execute(ApiCallMetricCollectionStage.java:32)
	at software.amazon.awssdk.core.internal.http.pipeline.RequestPipelineBuilder$ComposingRequestPipelineStage.execute(RequestPipelineBuilder.java:206)
	at software.amazon.awssdk.core.internal.http.pipeline.RequestPipelineBuilder$ComposingRequestPipelineStage.execute(RequestPipelineBuilder.java:206)
	at software.amazon.awssdk.core.internal.http.pipeline.stages.ExecutionFailureExceptionReportingStage.execute(ExecutionFailureExceptionReportingStage.java:37)
	... 16 more
	Suppressed: software.amazon.awssdk.core.exception.SdkClientException: Request attempt 1 failure: Unable to execute HTTP request: incoming.localhost
	Suppressed: software.amazon.awssdk.core.exception.SdkClientException: Request attempt 2 failure: Unable to execute HTTP request: incoming.localhost
	Suppressed: software.amazon.awssdk.core.exception.SdkClientException: Request attempt 3 failure: Unable to execute HTTP request: incoming.localhost
Caused by: java.net.UnknownHostException: incoming.localhost
	at java.base/sun.nio.ch.NioSocketImpl.connect(NioSocketImpl.java:567)
	at java.base/java.net.Socket.connect(Socket.java:751)
	at java.base/sun.net.NetworkClient.doConnect(NetworkClient.java:178)
	at java.base/sun.net.www.http.HttpClient.openServer(HttpClient.java:531)
	at java.base/sun.net.www.http.HttpClient.openServer(HttpClient.java:636)
	at java.base/sun.net.www.http.HttpClient.<init>(HttpClient.java:280)
	at java.base/sun.net.www.http.HttpClient.New(HttpClient.java:386)
	at java.base/sun.net.www.http.HttpClient.New(HttpClient.java:408)
	at java.base/sun.net.www.protocol.http.HttpURLConnection.getNewHttpClient(HttpURLConnection.java:1304)
	at java.base/sun.net.www.protocol.http.HttpURLConnection.plainConnect0(HttpURLConnection.java:1237)
	at java.base/sun.net.www.protocol.http.HttpURLConnection.plainConnect(HttpURLConnection.java:1123)
	at java.base/sun.net.www.protocol.http.HttpURLConnection.connect(HttpURLConnection.java:1052)
	at software.amazon.awssdk.http.urlconnection.UrlConnectionHttpClient$RequestCallable.call(UrlConnectionHttpClient.java:303)
	at software.amazon.awssdk.http.urlconnection.UrlConnectionHttpClient$RequestCallable.call(UrlConnectionHttpClient.java:281)
	at software.amazon.awssdk.core.internal.util.MetricUtils.measureDurationUnsafe(MetricUtils.java:102)
	at software.amazon.awssdk.core.internal.http.pipeline.stages.MakeHttpRequestStage.executeHttpRequest(MakeHttpRequestStage.java:88)
	at software.amazon.awssdk.core.internal.http.pipeline.stages.MakeHttpRequestStage.execute(MakeHttpRequestStage.java:64)
	at software.amazon.awssdk.core.internal.http.pipeline.stages.MakeHttpRequestStage.execute(MakeHttpRequestStage.java:46)
	at software.amazon.awssdk.core.internal.http.pipeline.RequestPipelineBuilder$ComposingRequestPipelineStage.execute(RequestPipelineBuilder.java:206)
	at software.amazon.awssdk.core.internal.http.pipeline.RequestPipelineBuilder$ComposingRequestPipelineStage.execute(RequestPipelineBuilder.java:206)
	at software.amazon.awssdk.core.internal.http.pipeline.RequestPipelineBuilder$ComposingRequestPipelineStage.execute(RequestPipelineBuilder.java:206)
	at software.amazon.awssdk.core.internal.http.pipeline.RequestPipelineBuilder$ComposingRequestPipelineStage.execute(RequestPipelineBuilder.java:206)
	at software.amazon.awssdk.core.internal.http.pipeline.stages.ApiCallAttemptTimeoutTrackingStage.execute(ApiCallAttemptTimeoutTrackingStage.java:74)
	at software.amazon.awssdk.core.internal.http.pipeline.stages.ApiCallAttemptTimeoutTrackingStage.execute(ApiCallAttemptTimeoutTrackingStage.java:43)
	at software.amazon.awssdk.core.internal.http.pipeline.stages.TimeoutExceptionHandlingStage.execute(TimeoutExceptionHandlingStage.java:79)
	at software.amazon.awssdk.core.internal.http.pipeline.stages.TimeoutExceptionHandlingStage.execute(TimeoutExceptionHandlingStage.java:41)
	at software.amazon.awssdk.core.internal.http.pipeline.stages.ApiCallAttemptMetricCollectionStage.execute(ApiCallAttemptMetricCollectionStage.java:55)
	at software.amazon.awssdk.core.internal.http.pipeline.stages.ApiCallAttemptMetricCollectionStage.execute(ApiCallAttemptMetricCollectionStage.java:39)
	at software.amazon.awssdk.core.internal.http.pipeline.stages.RetryableStage.executeRequest(RetryableStage.java:93)
	at software.amazon.awssdk.core.internal.http.pipeline.stages.RetryableStage.execute(RetryableStage.java:56)
	... 28 more
]]></error>
    <system-out><![CDATA[2026-05-03 13:28:26,664 INFO  [org.tes.ima.PullPolicy] (main) Image pull policy will be performed by: DefaultPullPolicy()
2026-05-03 13:28:26,666 INFO  [org.tes.uti.ImageNameSubstitutor] (main) Image name substitution will be performed by: DefaultImageNameSubstitutor (composite of 'ConfigurationFileImageNameSubstitutor' and 'PrefixingImageNameSubstitutor')
2026-05-03 13:28:26,813 INFO  [org.tes.DockerClientFactory] (pool-3-thread-1) Testcontainers version: 1.21.3
2026-05-03 13:28:27,143 INFO  [org.tes.doc.DockerClientProviderStrategy] (pool-3-thread-1) Found Docker environment with Environment variables, system properties and defaults. Resolved dockerHost=unix:///var/run/docker.sock
2026-05-03 13:28:27,144 INFO  [org.tes.DockerClientFactory] (pool-3-thread-1) Docker host IP address is localhost
2026-05-03 13:28:27,160 INFO  [org.tes.DockerClientFactory] (pool-3-thread-1) Connected to docker: 
  Server Version: 29.3.1
  API Version: 1.54
  Operating System: Ubuntu Core 24
  Total Memory: 15953 MB
2026-05-03 13:28:27,179 INFO  [tc.tes.12.0] (pool-3-thread-1) Creating container for image: testcontainers/ryuk:0.12.0
2026-05-03 13:28:27,291 INFO  [org.tes.uti.RegistryAuthLocator] (pool-3-thread-1) Credential helper/store (docker-credential-desktop.exe) does not have credentials for https://index.docker.io/v1/
2026-05-03 13:28:27,414 INFO  [tc.tes.12.0] (pool-3-thread-1) Container testcontainers/ryuk:0.12.0 is starting: bfa648a6481152651ca59234cbfd6920a5fe3ff0d4bbebfd36ad18da2be22b06
2026-05-03 13:28:27,957 INFO  [tc.tes.12.0] (pool-3-thread-1) Container testcontainers/ryuk:0.12.0 started in PT0.777665247S
2026-05-03 13:28:27,961 INFO  [org.tes.uti.RyukResourceReaper] (pool-3-thread-1) Ryuk started - will monitor and terminate Testcontainers containers on JVM exit
2026-05-03 13:28:27,961 INFO  [org.tes.DockerClientFactory] (pool-3-thread-1) Checking the system...
2026-05-03 13:28:27,961 INFO  [org.tes.DockerClientFactory] (pool-3-thread-1) ✔︎ Docker server version should be at least 1.6.0
2026-05-03 13:28:27,964 INFO  [tc.mariadb:11] (pool-3-thread-1) Creating container for image: mariadb:11
2026-05-03 13:28:28,022 INFO  [tc.mariadb:11] (pool-3-thread-1) Container mariadb:11 is starting: f15a96e595b87f7681732ab0bbccbdef2a29714b024ff052af2fc3ece922753e
2026-05-03 13:28:28,461 INFO  [tc.mariadb:11] (pool-3-thread-1) Waiting for database connection to become available at jdbc:mariadb://localhost:32773/filehub using query 'SELECT 1'
2026-05-03 13:28:39,693 INFO  [tc.mariadb:11] (pool-3-thread-1) Container mariadb:11 started in PT11.729071515S
2026-05-03 13:28:39,693 INFO  [tc.mariadb:11] (pool-3-thread-1) Container is started (JDBC URL: jdbc:mariadb://localhost:32773/filehub)
2026-05-03 13:28:39,696 INFO  [tc.minio/minio:latest] (pool-3-thread-1) Creating container for image: minio/minio:latest
2026-05-03 13:28:39,733 INFO  [tc.minio/minio:latest] (pool-3-thread-1) Container minio/minio:latest is starting: fff8bb15ab4b179e3f8e5514ed29e250fce0c1b31c96bd537c579971cb1adc2c
2026-05-03 13:28:40,341 INFO  [org.tes.con.wai.str.HttpWaitStrategy] (pool-3-thread-1) /relaxed_booth: Waiting for 60 seconds for URL: http://localhost:32774/minio/health/live (where port 32774 maps to container port 9000)
2026-05-03 13:28:41,355 INFO  [tc.minio/minio:latest] (pool-3-thread-1) Container minio/minio:latest started in PT1.658752558S
]]></system-out>
  </testcase>
  <testcase name="register succeeds with null checksum bypass" classname="tw.brandy.ironman.hub.resource.FileResourceIT" time="0.0">
    <skipped type="org.opentest4j.TestAbortedException"><![CDATA[org.opentest4j.TestAbortedException: Boot failed
	at io.quarkus.test.junit.QuarkusTestExtension.throwBootFailureException(QuarkusTestExtension.java:670)
	at io.quarkus.test.junit.QuarkusTestExtension.interceptTestClassConstructor(QuarkusTestExtension.java:763)
	at java.base/java.util.Optional.orElseGet(Optional.java:364)
	at java.base/java.util.ArrayList.forEach(ArrayList.java:1596)
	at java.base/java.util.ArrayList.forEach(ArrayList.java:1596)
]]></skipped>
  </testcase>
  <testcase name="missing returns 200 with files and total" classname="tw.brandy.ironman.hub.resource.FileResourceIT" time="0.0">
    <skipped type="org.opentest4j.TestAbortedException"><![CDATA[org.opentest4j.TestAbortedException: Boot failed
	at io.quarkus.test.junit.QuarkusTestExtension.throwBootFailureException(QuarkusTestExtension.java:670)
	at io.quarkus.test.junit.QuarkusTestExtension.interceptTestClassConstructor(QuarkusTestExtension.java:763)
	at java.base/java.util.Optional.orElseGet(Optional.java:364)
	at java.base/java.util.ArrayList.forEach(ArrayList.java:1596)
	at java.base/java.util.ArrayList.forEach(ArrayList.java:1596)
]]></skipped>
  </testcase>
  <testcase name="register returns 201 with valid payload and existing object" classname="tw.brandy.ironman.hub.resource.FileResourceIT" time="0.0">
    <skipped type="org.opentest4j.TestAbortedException"><![CDATA[org.opentest4j.TestAbortedException: Boot failed
	at io.quarkus.test.junit.QuarkusTestExtension.throwBootFailureException(QuarkusTestExtension.java:670)
	at io.quarkus.test.junit.QuarkusTestExtension.interceptTestClassConstructor(QuarkusTestExtension.java:763)
	at java.base/java.util.Optional.orElseGet(Optional.java:364)
	at java.base/java.util.ArrayList.forEach(ArrayList.java:1596)
	at java.base/java.util.ArrayList.forEach(ArrayList.java:1596)
]]></skipped>
  </testcase>
  <testcase name="get by id returns 404 for unknown id" classname="tw.brandy.ironman.hub.resource.FileResourceIT" time="0.0">
    <skipped type="org.opentest4j.TestAbortedException"><![CDATA[org.opentest4j.TestAbortedException: Boot failed
	at io.quarkus.test.junit.QuarkusTestExtension.throwBootFailureException(QuarkusTestExtension.java:670)
	at io.quarkus.test.junit.QuarkusTestExtension.interceptTestClassConstructor(QuarkusTestExtension.java:763)
	at java.base/java.util.Optional.orElseGet(Optional.java:364)
	at java.base/java.util.ArrayList.forEach(ArrayList.java:1596)
	at java.base/java.util.ArrayList.forEach(ArrayList.java:1596)
]]></skipped>
  </testcase>
  <testcase name="register returns 404 when object not in MinIO" classname="tw.brandy.ironman.hub.resource.FileResourceIT" time="0.0">
    <skipped type="org.opentest4j.TestAbortedException"><![CDATA[org.opentest4j.TestAbortedException: Boot failed
	at io.quarkus.test.junit.QuarkusTestExtension.throwBootFailureException(QuarkusTestExtension.java:670)
	at io.quarkus.test.junit.QuarkusTestExtension.interceptTestClassConstructor(QuarkusTestExtension.java:763)
	at java.base/java.util.Optional.orElseGet(Optional.java:364)
	at java.base/java.util.ArrayList.forEach(ArrayList.java:1596)
	at java.base/java.util.ArrayList.forEach(ArrayList.java:1596)
]]></skipped>
  </testcase>
</testsuite>